[10-Sep-2025 15:52:34 Europe/Berlin] Cart session: Array
(
)

[10-Sep-2025 15:52:34 Europe/Berlin] Cart is empty or not set in session
[10-Sep-2025 15:52:34 Europe/Berlin] Cart session: Array
(
)

[10-Sep-2025 15:52:34 Europe/Berlin] Cart is empty or not set in session
[10-Sep-2025 15:52:49 Europe/Berlin] Cart session: Array
(
    [2] => Array
        (
            [quantity] => 2
            [added_at] => 2025-09-10 15:52:38
        )

    [5] => Array
        (
            [quantity] => 1
            [added_at] => 2025-09-10 15:52:41
        )

    [8] => Array
        (
            [quantity] => 1
            [added_at] => 2025-09-10 15:52:47
        )

)

[10-Sep-2025 15:52:49 Europe/Berlin] Processing product ID: 2 with quantity: 2
[10-Sep-2025 15:52:49 Europe/Berlin] Getting product by ID: 2
[10-Sep-2025 15:52:49 Europe/Berlin] Found product: {"id":2,"shop_id":1,"name":"Banana","description":"Fresh yellow bananas","price":"0.99","discounted_price":null,"image":"images\/banana.jpg","is_active":1,"is_featured":1,"category_id":1,"stock":150,"unit":"piece","created_at":"2025-09-01 21:26:24"}
[10-Sep-2025 15:52:49 Europe/Berlin] Product data: {"id":2,"shop_id":1,"name":"Banana","description":"Fresh yellow bananas","price":"0.99","discounted_price":null,"image":"images\/banana.jpg","is_active":1,"is_featured":1,"category_id":1,"stock":150,"unit":"piece","created_at":"2025-09-01 21:26:24"}
[10-Sep-2025 15:52:49 Europe/Berlin] Processing product ID: 5 with quantity: 1
[10-Sep-2025 15:52:49 Europe/Berlin] Getting product by ID: 5
[10-Sep-2025 15:52:49 Europe/Berlin] Found product: {"id":5,"shop_id":1,"name":"Potato","description":"Fresh brown potatoes","price":"0.89","discounted_price":null,"image":"images\/potato.jpg","is_active":1,"is_featured":1,"category_id":2,"stock":200,"unit":"piece","created_at":"2025-09-01 21:26:24"}
[10-Sep-2025 15:52:49 Europe/Berlin] Product data: {"id":5,"shop_id":1,"name":"Potato","description":"Fresh brown potatoes","price":"0.89","discounted_price":null,"image":"images\/potato.jpg","is_active":1,"is_featured":1,"category_id":2,"stock":200,"unit":"piece","created_at":"2025-09-01 21:26:24"}
[10-Sep-2025 15:52:49 Europe/Berlin] Processing product ID: 8 with quantity: 1
[10-Sep-2025 15:52:49 Europe/Berlin] Getting product by ID: 8
[10-Sep-2025 15:52:49 Europe/Berlin] Found product: {"id":8,"shop_id":1,"name":"Bread","description":"Freshly baked bread","price":"2.29","discounted_price":null,"image":"images\/bread.jpg","is_active":1,"is_featured":0,"category_id":4,"stock":30,"unit":"piece","created_at":"2025-09-01 21:26:24"}
[10-Sep-2025 15:52:49 Europe/Berlin] Product data: {"id":8,"shop_id":1,"name":"Bread","description":"Freshly baked bread","price":"2.29","discounted_price":null,"image":"images\/bread.jpg","is_active":1,"is_featured":0,"category_id":4,"stock":30,"unit":"piece","created_at":"2025-09-01 21:26:24"}
[10-Sep-2025 15:52:49 Europe/Berlin] Shop cart items: {"1":{"shop_id":1,"shop_name":"Chaldal","delivery_charge":"0.00","items":[{"id":2,"shop_id":1,"name":"Banana","description":"Fresh yellow bananas","price":"0.99","discounted_price":null,"image":"images\/banana.jpg","is_active":1,"is_featured":1,"category_id":1,"stock":150,"unit":"piece","created_at":"2025-09-01 21:26:24","quantity":2,"total":1.98},{"id":5,"shop_id":1,"name":"Potato","description":"Fresh brown potatoes","price":"0.89","discounted_price":null,"image":"images\/potato.jpg","is_active":1,"is_featured":1,"category_id":2,"stock":200,"unit":"piece","created_at":"2025-09-01 21:26:24","quantity":1,"total":0.89},{"id":8,"shop_id":1,"name":"Bread","description":"Freshly baked bread","price":"2.29","discounted_price":null,"image":"images\/bread.jpg","is_active":1,"is_featured":0,"category_id":4,"stock":30,"unit":"piece","created_at":"2025-09-01 21:26:24","quantity":1,"total":2.29}],"subtotal":5.16}}
[10-Sep-2025 15:52:49 Europe/Berlin] Getting product by ID: 2
[10-Sep-2025 15:52:49 Europe/Berlin] Found product: {"id":2,"shop_id":1,"name":"Banana","description":"Fresh yellow bananas","price":"0.99","discounted_price":null,"image":"images\/banana.jpg","is_active":1,"is_featured":1,"category_id":1,"stock":150,"unit":"piece","created_at":"2025-09-01 21:26:24"}
[10-Sep-2025 15:52:49 Europe/Berlin] Getting product by ID: 5
[10-Sep-2025 15:52:49 Europe/Berlin] Found product: {"id":5,"shop_id":1,"name":"Potato","description":"Fresh brown potatoes","price":"0.89","discounted_price":null,"image":"images\/potato.jpg","is_active":1,"is_featured":1,"category_id":2,"stock":200,"unit":"piece","created_at":"2025-09-01 21:26:24"}
[10-Sep-2025 15:52:49 Europe/Berlin] Getting product by ID: 8
[10-Sep-2025 15:52:49 Europe/Berlin] Found product: {"id":8,"shop_id":1,"name":"Bread","description":"Freshly baked bread","price":"2.29","discounted_price":null,"image":"images\/bread.jpg","is_active":1,"is_featured":0,"category_id":4,"stock":30,"unit":"piece","created_at":"2025-09-01 21:26:24"}
[10-Sep-2025 15:52:49 Europe/Berlin] Cart session: Array
(
    [2] => Array
        (
            [quantity] => 2
            [added_at] => 2025-09-10 15:52:38
        )

    [5] => Array
        (
            [quantity] => 1
            [added_at] => 2025-09-10 15:52:41
        )

    [8] => Array
        (
            [quantity] => 1
            [added_at] => 2025-09-10 15:52:47
        )

)

[10-Sep-2025 15:52:49 Europe/Berlin] Processing product ID: 2 with quantity: 2
[10-Sep-2025 15:52:49 Europe/Berlin] Getting product by ID: 2
[10-Sep-2025 15:52:49 Europe/Berlin] Found product: {"id":2,"shop_id":1,"name":"Banana","description":"Fresh yellow bananas","price":"0.99","discounted_price":null,"image":"images\/banana.jpg","is_active":1,"is_featured":1,"category_id":1,"stock":150,"unit":"piece","created_at":"2025-09-01 21:26:24"}
[10-Sep-2025 15:52:49 Europe/Berlin] Product data: {"id":2,"shop_id":1,"name":"Banana","description":"Fresh yellow bananas","price":"0.99","discounted_price":null,"image":"images\/banana.jpg","is_active":1,"is_featured":1,"category_id":1,"stock":150,"unit":"piece","created_at":"2025-09-01 21:26:24"}
[10-Sep-2025 15:52:49 Europe/Berlin] Processing product ID: 5 with quantity: 1
[10-Sep-2025 15:52:49 Europe/Berlin] Getting product by ID: 5
[10-Sep-2025 15:52:49 Europe/Berlin] Found product: {"id":5,"shop_id":1,"name":"Potato","description":"Fresh brown potatoes","price":"0.89","discounted_price":null,"image":"images\/potato.jpg","is_active":1,"is_featured":1,"category_id":2,"stock":200,"unit":"piece","created_at":"2025-09-01 21:26:24"}
[10-Sep-2025 15:52:49 Europe/Berlin] Product data: {"id":5,"shop_id":1,"name":"Potato","description":"Fresh brown potatoes","price":"0.89","discounted_price":null,"image":"images\/potato.jpg","is_active":1,"is_featured":1,"category_id":2,"stock":200,"unit":"piece","created_at":"2025-09-01 21:26:24"}
[10-Sep-2025 15:52:49 Europe/Berlin] Processing product ID: 8 with quantity: 1
[10-Sep-2025 15:52:49 Europe/Berlin] Getting product by ID: 8
[10-Sep-2025 15:52:49 Europe/Berlin] Found product: {"id":8,"shop_id":1,"name":"Bread","description":"Freshly baked bread","price":"2.29","discounted_price":null,"image":"images\/bread.jpg","is_active":1,"is_featured":0,"category_id":4,"stock":30,"unit":"piece","created_at":"2025-09-01 21:26:24"}
[10-Sep-2025 15:52:49 Europe/Berlin] Product data: {"id":8,"shop_id":1,"name":"Bread","description":"Freshly baked bread","price":"2.29","discounted_price":null,"image":"images\/bread.jpg","is_active":1,"is_featured":0,"category_id":4,"stock":30,"unit":"piece","created_at":"2025-09-01 21:26:24"}
[10-Sep-2025 15:52:49 Europe/Berlin] Shop cart items: {"1":{"shop_id":1,"shop_name":"Chaldal","delivery_charge":"0.00","items":[{"id":2,"shop_id":1,"name":"Banana","description":"Fresh yellow bananas","price":"0.99","discounted_price":null,"image":"images\/banana.jpg","is_active":1,"is_featured":1,"category_id":1,"stock":150,"unit":"piece","created_at":"2025-09-01 21:26:24","quantity":2,"total":1.98},{"id":5,"shop_id":1,"name":"Potato","description":"Fresh brown potatoes","price":"0.89","discounted_price":null,"image":"images\/potato.jpg","is_active":1,"is_featured":1,"category_id":2,"stock":200,"unit":"piece","created_at":"2025-09-01 21:26:24","quantity":1,"total":0.89},{"id":8,"shop_id":1,"name":"Bread","description":"Freshly baked bread","price":"2.29","discounted_price":null,"image":"images\/bread.jpg","is_active":1,"is_featured":0,"category_id":4,"stock":30,"unit":"piece","created_at":"2025-09-01 21:26:24","quantity":1,"total":2.29}],"subtotal":5.16}}
[10-Sep-2025 15:53:00 Europe/Berlin] Cart session: Array
(
    [2] => Array
        (
            [quantity] => 3
            [added_at] => 2025-09-10 15:52:38
        )

    [5] => Array
        (
            [quantity] => 1
            [added_at] => 2025-09-10 15:52:41
        )

    [8] => Array
        (
            [quantity] => 1
            [added_at] => 2025-09-10 15:52:47
        )

)

[10-Sep-2025 15:53:00 Europe/Berlin] Processing product ID: 2 with quantity: 3
[10-Sep-2025 15:53:00 Europe/Berlin] Getting product by ID: 2
[10-Sep-2025 15:53:00 Europe/Berlin] Found product: {"id":2,"shop_id":1,"name":"Banana","description":"Fresh yellow bananas","price":"0.99","discounted_price":null,"image":"images\/banana.jpg","is_active":1,"is_featured":1,"category_id":1,"stock":150,"unit":"piece","created_at":"2025-09-01 21:26:24"}
[10-Sep-2025 15:53:00 Europe/Berlin] Product data: {"id":2,"shop_id":1,"name":"Banana","description":"Fresh yellow bananas","price":"0.99","discounted_price":null,"image":"images\/banana.jpg","is_active":1,"is_featured":1,"category_id":1,"stock":150,"unit":"piece","created_at":"2025-09-01 21:26:24"}
[10-Sep-2025 15:53:00 Europe/Berlin] Processing product ID: 5 with quantity: 1
[10-Sep-2025 15:53:00 Europe/Berlin] Getting product by ID: 5
[10-Sep-2025 15:53:00 Europe/Berlin] Found product: {"id":5,"shop_id":1,"name":"Potato","description":"Fresh brown potatoes","price":"0.89","discounted_price":null,"image":"images\/potato.jpg","is_active":1,"is_featured":1,"category_id":2,"stock":200,"unit":"piece","created_at":"2025-09-01 21:26:24"}
[10-Sep-2025 15:53:00 Europe/Berlin] Product data: {"id":5,"shop_id":1,"name":"Potato","description":"Fresh brown potatoes","price":"0.89","discounted_price":null,"image":"images\/potato.jpg","is_active":1,"is_featured":1,"category_id":2,"stock":200,"unit":"piece","created_at":"2025-09-01 21:26:24"}
[10-Sep-2025 15:53:00 Europe/Berlin] Processing product ID: 8 with quantity: 1
[10-Sep-2025 15:53:00 Europe/Berlin] Getting product by ID: 8
[10-Sep-2025 15:53:00 Europe/Berlin] Found product: {"id":8,"shop_id":1,"name":"Bread","description":"Freshly baked bread","price":"2.29","discounted_price":null,"image":"images\/bread.jpg","is_active":1,"is_featured":0,"category_id":4,"stock":30,"unit":"piece","created_at":"2025-09-01 21:26:24"}
[10-Sep-2025 15:53:00 Europe/Berlin] Product data: {"id":8,"shop_id":1,"name":"Bread","description":"Freshly baked bread","price":"2.29","discounted_price":null,"image":"images\/bread.jpg","is_active":1,"is_featured":0,"category_id":4,"stock":30,"unit":"piece","created_at":"2025-09-01 21:26:24"}
[10-Sep-2025 15:53:00 Europe/Berlin] Shop cart items: {"1":{"shop_id":1,"shop_name":"Chaldal","delivery_charge":"0.00","items":[{"id":2,"shop_id":1,"name":"Banana","description":"Fresh yellow bananas","price":"0.99","discounted_price":null,"image":"images\/banana.jpg","is_active":1,"is_featured":1,"category_id":1,"stock":150,"unit":"piece","created_at":"2025-09-01 21:26:24","quantity":3,"total":2.9699999999999998},{"id":5,"shop_id":1,"name":"Potato","description":"Fresh brown potatoes","price":"0.89","discounted_price":null,"image":"images\/potato.jpg","is_active":1,"is_featured":1,"category_id":2,"stock":200,"unit":"piece","created_at":"2025-09-01 21:26:24","quantity":1,"total":0.89},{"id":8,"shop_id":1,"name":"Bread","description":"Freshly baked bread","price":"2.29","discounted_price":null,"image":"images\/bread.jpg","is_active":1,"is_featured":0,"category_id":4,"stock":30,"unit":"piece","created_at":"2025-09-01 21:26:24","quantity":1,"total":2.29}],"subtotal":6.15}}
[10-Sep-2025 15:53:00 Europe/Berlin] Getting product by ID: 2
[10-Sep-2025 15:53:00 Europe/Berlin] Found product: {"id":2,"shop_id":1,"name":"Banana","description":"Fresh yellow bananas","price":"0.99","discounted_price":null,"image":"images\/banana.jpg","is_active":1,"is_featured":1,"category_id":1,"stock":150,"unit":"piece","created_at":"2025-09-01 21:26:24"}
[10-Sep-2025 15:53:00 Europe/Berlin] Getting product by ID: 5
[10-Sep-2025 15:53:00 Europe/Berlin] Found product: {"id":5,"shop_id":1,"name":"Potato","description":"Fresh brown potatoes","price":"0.89","discounted_price":null,"image":"images\/potato.jpg","is_active":1,"is_featured":1,"category_id":2,"stock":200,"unit":"piece","created_at":"2025-09-01 21:26:24"}
[10-Sep-2025 15:53:00 Europe/Berlin] Getting product by ID: 8
[10-Sep-2025 15:53:00 Europe/Berlin] Found product: {"id":8,"shop_id":1,"name":"Bread","description":"Freshly baked bread","price":"2.29","discounted_price":null,"image":"images\/bread.jpg","is_active":1,"is_featured":0,"category_id":4,"stock":30,"unit":"piece","created_at":"2025-09-01 21:26:24"}
[10-Sep-2025 15:53:00 Europe/Berlin] Cart session: Array
(
    [2] => Array
        (
            [quantity] => 3
            [added_at] => 2025-09-10 15:52:38
        )

    [5] => Array
        (
            [quantity] => 1
            [added_at] => 2025-09-10 15:52:41
        )

    [8] => Array
        (
            [quantity] => 1
            [added_at] => 2025-09-10 15:52:47
        )

)

[10-Sep-2025 15:53:00 Europe/Berlin] Processing product ID: 2 with quantity: 3
[10-Sep-2025 15:53:00 Europe/Berlin] Getting product by ID: 2
[10-Sep-2025 15:53:00 Europe/Berlin] Found product: {"id":2,"shop_id":1,"name":"Banana","description":"Fresh yellow bananas","price":"0.99","discounted_price":null,"image":"images\/banana.jpg","is_active":1,"is_featured":1,"category_id":1,"stock":150,"unit":"piece","created_at":"2025-09-01 21:26:24"}
[10-Sep-2025 15:53:00 Europe/Berlin] Product data: {"id":2,"shop_id":1,"name":"Banana","description":"Fresh yellow bananas","price":"0.99","discounted_price":null,"image":"images\/banana.jpg","is_active":1,"is_featured":1,"category_id":1,"stock":150,"unit":"piece","created_at":"2025-09-01 21:26:24"}
[10-Sep-2025 15:53:00 Europe/Berlin] Processing product ID: 5 with quantity: 1
[10-Sep-2025 15:53:00 Europe/Berlin] Getting product by ID: 5
[10-Sep-2025 15:53:00 Europe/Berlin] Found product: {"id":5,"shop_id":1,"name":"Potato","description":"Fresh brown potatoes","price":"0.89","discounted_price":null,"image":"images\/potato.jpg","is_active":1,"is_featured":1,"category_id":2,"stock":200,"unit":"piece","created_at":"2025-09-01 21:26:24"}
[10-Sep-2025 15:53:00 Europe/Berlin] Product data: {"id":5,"shop_id":1,"name":"Potato","description":"Fresh brown potatoes","price":"0.89","discounted_price":null,"image":"images\/potato.jpg","is_active":1,"is_featured":1,"category_id":2,"stock":200,"unit":"piece","created_at":"2025-09-01 21:26:24"}
[10-Sep-2025 15:53:00 Europe/Berlin] Processing product ID: 8 with quantity: 1
[10-Sep-2025 15:53:00 Europe/Berlin] Getting product by ID: 8
[10-Sep-2025 15:53:00 Europe/Berlin] Found product: {"id":8,"shop_id":1,"name":"Bread","description":"Freshly baked bread","price":"2.29","discounted_price":null,"image":"images\/bread.jpg","is_active":1,"is_featured":0,"category_id":4,"stock":30,"unit":"piece","created_at":"2025-09-01 21:26:24"}
[10-Sep-2025 15:53:00 Europe/Berlin] Product data: {"id":8,"shop_id":1,"name":"Bread","description":"Freshly baked bread","price":"2.29","discounted_price":null,"image":"images\/bread.jpg","is_active":1,"is_featured":0,"category_id":4,"stock":30,"unit":"piece","created_at":"2025-09-01 21:26:24"}
[10-Sep-2025 15:53:00 Europe/Berlin] Shop cart items: {"1":{"shop_id":1,"shop_name":"Chaldal","delivery_charge":"0.00","items":[{"id":2,"shop_id":1,"name":"Banana","description":"Fresh yellow bananas","price":"0.99","discounted_price":null,"image":"images\/banana.jpg","is_active":1,"is_featured":1,"category_id":1,"stock":150,"unit":"piece","created_at":"2025-09-01 21:26:24","quantity":3,"total":2.9699999999999998},{"id":5,"shop_id":1,"name":"Potato","description":"Fresh brown potatoes","price":"0.89","discounted_price":null,"image":"images\/potato.jpg","is_active":1,"is_featured":1,"category_id":2,"stock":200,"unit":"piece","created_at":"2025-09-01 21:26:24","quantity":1,"total":0.89},{"id":8,"shop_id":1,"name":"Bread","description":"Freshly baked bread","price":"2.29","discounted_price":null,"image":"images\/bread.jpg","is_active":1,"is_featured":0,"category_id":4,"stock":30,"unit":"piece","created_at":"2025-09-01 21:26:24","quantity":1,"total":2.29}],"subtotal":6.15}}
[10-Sep-2025 15:53:03 Europe/Berlin] Cart session: Array
(
    [2] => Array
        (
            [quantity] => 3
            [added_at] => 2025-09-10 15:52:38
        )

    [8] => Array
        (
            [quantity] => 1
            [added_at] => 2025-09-10 15:52:47
        )

)

[10-Sep-2025 15:53:03 Europe/Berlin] Processing product ID: 2 with quantity: 3
[10-Sep-2025 15:53:03 Europe/Berlin] Getting product by ID: 2
[10-Sep-2025 15:53:03 Europe/Berlin] Found product: {"id":2,"shop_id":1,"name":"Banana","description":"Fresh yellow bananas","price":"0.99","discounted_price":null,"image":"images\/banana.jpg","is_active":1,"is_featured":1,"category_id":1,"stock":150,"unit":"piece","created_at":"2025-09-01 21:26:24"}
[10-Sep-2025 15:53:03 Europe/Berlin] Product data: {"id":2,"shop_id":1,"name":"Banana","description":"Fresh yellow bananas","price":"0.99","discounted_price":null,"image":"images\/banana.jpg","is_active":1,"is_featured":1,"category_id":1,"stock":150,"unit":"piece","created_at":"2025-09-01 21:26:24"}
[10-Sep-2025 15:53:03 Europe/Berlin] Processing product ID: 8 with quantity: 1
[10-Sep-2025 15:53:03 Europe/Berlin] Getting product by ID: 8
[10-Sep-2025 15:53:03 Europe/Berlin] Found product: {"id":8,"shop_id":1,"name":"Bread","description":"Freshly baked bread","price":"2.29","discounted_price":null,"image":"images\/bread.jpg","is_active":1,"is_featured":0,"category_id":4,"stock":30,"unit":"piece","created_at":"2025-09-01 21:26:24"}
[10-Sep-2025 15:53:03 Europe/Berlin] Product data: {"id":8,"shop_id":1,"name":"Bread","description":"Freshly baked bread","price":"2.29","discounted_price":null,"image":"images\/bread.jpg","is_active":1,"is_featured":0,"category_id":4,"stock":30,"unit":"piece","created_at":"2025-09-01 21:26:24"}
[10-Sep-2025 15:53:03 Europe/Berlin] Shop cart items: {"1":{"shop_id":1,"shop_name":"Chaldal","delivery_charge":"0.00","items":[{"id":2,"shop_id":1,"name":"Banana","description":"Fresh yellow bananas","price":"0.99","discounted_price":null,"image":"images\/banana.jpg","is_active":1,"is_featured":1,"category_id":1,"stock":150,"unit":"piece","created_at":"2025-09-01 21:26:24","quantity":3,"total":2.9699999999999998},{"id":8,"shop_id":1,"name":"Bread","description":"Freshly baked bread","price":"2.29","discounted_price":null,"image":"images\/bread.jpg","is_active":1,"is_featured":0,"category_id":4,"stock":30,"unit":"piece","created_at":"2025-09-01 21:26:24","quantity":1,"total":2.29}],"subtotal":5.26}}
[10-Sep-2025 15:53:03 Europe/Berlin] Getting product by ID: 2
[10-Sep-2025 15:53:03 Europe/Berlin] Found product: {"id":2,"shop_id":1,"name":"Banana","description":"Fresh yellow bananas","price":"0.99","discounted_price":null,"image":"images\/banana.jpg","is_active":1,"is_featured":1,"category_id":1,"stock":150,"unit":"piece","created_at":"2025-09-01 21:26:24"}
[10-Sep-2025 15:53:03 Europe/Berlin] Getting product by ID: 8
[10-Sep-2025 15:53:03 Europe/Berlin] Found product: {"id":8,"shop_id":1,"name":"Bread","description":"Freshly baked bread","price":"2.29","discounted_price":null,"image":"images\/bread.jpg","is_active":1,"is_featured":0,"category_id":4,"stock":30,"unit":"piece","created_at":"2025-09-01 21:26:24"}
[10-Sep-2025 15:53:03 Europe/Berlin] Cart session: Array
(
    [2] => Array
        (
            [quantity] => 3
            [added_at] => 2025-09-10 15:52:38
        )

    [8] => Array
        (
            [quantity] => 1
            [added_at] => 2025-09-10 15:52:47
        )

)

[10-Sep-2025 15:53:03 Europe/Berlin] Processing product ID: 2 with quantity: 3
[10-Sep-2025 15:53:03 Europe/Berlin] Getting product by ID: 2
[10-Sep-2025 15:53:03 Europe/Berlin] Found product: {"id":2,"shop_id":1,"name":"Banana","description":"Fresh yellow bananas","price":"0.99","discounted_price":null,"image":"images\/banana.jpg","is_active":1,"is_featured":1,"category_id":1,"stock":150,"unit":"piece","created_at":"2025-09-01 21:26:24"}
[10-Sep-2025 15:53:03 Europe/Berlin] Product data: {"id":2,"shop_id":1,"name":"Banana","description":"Fresh yellow bananas","price":"0.99","discounted_price":null,"image":"images\/banana.jpg","is_active":1,"is_featured":1,"category_id":1,"stock":150,"unit":"piece","created_at":"2025-09-01 21:26:24"}
[10-Sep-2025 15:53:03 Europe/Berlin] Processing product ID: 8 with quantity: 1
[10-Sep-2025 15:53:03 Europe/Berlin] Getting product by ID: 8
[10-Sep-2025 15:53:03 Europe/Berlin] Found product: {"id":8,"shop_id":1,"name":"Bread","description":"Freshly baked bread","price":"2.29","discounted_price":null,"image":"images\/bread.jpg","is_active":1,"is_featured":0,"category_id":4,"stock":30,"unit":"piece","created_at":"2025-09-01 21:26:24"}
[10-Sep-2025 15:53:03 Europe/Berlin] Product data: {"id":8,"shop_id":1,"name":"Bread","description":"Freshly baked bread","price":"2.29","discounted_price":null,"image":"images\/bread.jpg","is_active":1,"is_featured":0,"category_id":4,"stock":30,"unit":"piece","created_at":"2025-09-01 21:26:24"}
[10-Sep-2025 15:53:03 Europe/Berlin] Shop cart items: {"1":{"shop_id":1,"shop_name":"Chaldal","delivery_charge":"0.00","items":[{"id":2,"shop_id":1,"name":"Banana","description":"Fresh yellow bananas","price":"0.99","discounted_price":null,"image":"images\/banana.jpg","is_active":1,"is_featured":1,"category_id":1,"stock":150,"unit":"piece","created_at":"2025-09-01 21:26:24","quantity":3,"total":2.9699999999999998},{"id":8,"shop_id":1,"name":"Bread","description":"Freshly baked bread","price":"2.29","discounted_price":null,"image":"images\/bread.jpg","is_active":1,"is_featured":0,"category_id":4,"stock":30,"unit":"piece","created_at":"2025-09-01 21:26:24","quantity":1,"total":2.29}],"subtotal":5.26}}
